Arguments: 
  /usr/local/bin/node /usr/local/bin/yarn install

PATH: 
  /home/rajat/.local/bin:/usr/local/sbin:/usr/local/bin:/usr/sbin:/usr/bin:/sbin:/bin:/usr/games:/usr/local/games:/snap/bin:/snap/bin

Yarn version: 
  1.22.19

Node version: 
  18.13.0

Platform: 
  linux x64

Trace: 
  Error: getaddrinfo ENOTFOUND registry.yarnpkg.com
      at GetAddrInfoReqWrap.onlookup [as oncomplete] (node:dns:107:26)

npm manifest: 
  {
    "name": "wordle",
    "version": "0.1.0",
    "private": true,
    "dependencies": {
      "@emotion/react": "^11.7.1",
      "@emotion/styled": "^11.6.0",
      "@mui/icons-material": "^5.3.1",
      "@mui/material": "^5.4.0",
      "@testing-library/jest-dom": "^5.16.2",
      "@testing-library/react": "^12.1.2",
      "@testing-library/user-event": "^13.5.0",
      "@types/jest": "^27.0.1",
      "@types/node": "^16.7.13",
      "@types/react": "^18.0.0",
      "@types/react-dom": "^18.0.0",
      "aptos": "^1.20.0",
      "react": "^17.0.2",
      "react-dom": "^17.0.2",
      "react-scripts": "5.0.0",
      "typescript": "^5.3.3",
      "web-vitals": "^2.1.4"
    },
    "scripts": {
      "start": "react-scripts start",
      "build": "react-scripts build",
      "test": "react-scripts test",
      "eject": "react-scripts eject",
      "deploy": "gh-pages -d build"
    },
    "eslintConfig": {
      "extends": [
        "react-app",
        "react-app/jest"
      ]
    },
    "browserslist": {
      "production": [
        ">0.2%",
        "not dead",
        "not op_mini all"
      ],
      "development": [
        "last 1 chrome version",
        "last 1 firefox version",
        "last 1 safari version"
      ]
    },
    "devDependencies": {
      "autoprefixer": "^10.4.2",
      "gh-pages": "^3.2.3",
      "postcss": "^8.4.6",
      "tailwindcss": "^3.0.18"
    }
  }

yarn manifest: 
  No manifest

Lockfile: 
  No lockfile
